================================================================================
🚀 Dell Monitors Full Specs Scraper v2
   With Dell Model Number Nomenclature Parsing
================================================================================

📋 STEP 1: Discovering products
--------------------------------------------------------------------------------
  📄 Page 1
     ✅ 12 products
  📄 Page 2
     ✅ 12 products
  📄 Page 3
     ✅ 12 products
  📄 Page 4
     ✅ 12 products
  📄 Page 5
     ✅ 12 products
  📄 Page 6
     ❌ Error: Page.goto: Timeout 30000ms exceeded.
Call log:
  - navigating to "https://www.dell.com/en-my/shop/monitors-monitor-accessories/sac/monitors/all-monitors?page=6", waiting until "domcontentloaded"

  📄 Page 7
     ❌ Error: Page.goto: Timeout 30000ms exceeded.
Call log:
  - navigating to "https://www.dell.com/en-my/shop/monitors-monitor-accessories/sac/monitors/all-monitors?page=7", waiting until "domcontentloaded"


✅ Found 60 unique products

📋 STEP 2: Extracting specifications
--------------------------------------------------------------------------------
[1/60] 210-bqnp        ❌ Error: Page.goto: Timeout 30000ms exceeded.
Call log:
  - navigating to "https://www.dell.com/en-my/shop/dell-pro-14-plus-portable-monitor-p1425/apd/210-bqnp/monitors-monitor-accessories", waiting until "domcontentloaded"

❌
[2/60] 210-bjjm        ❌ Error: Page.goto: Timeout 30000ms exceeded.
Call log:
  - navigating to "https://www.dell.com/en-my/shop/dell-pro-24-plus-touch-usb-c-hub-monitor-p2424ht/apd/210-bjjm/monitors-monitor-accessories", waiting until "domcontentloaded"

❌
[3/60] 210-bvgm        ❌ Error: Page.goto: Timeout 30000ms exceeded.
Call log:
  - navigating to "https://www.dell.com/en-my/shop/dell-27-qhd-monitor-se2726d/apd/210-bvgm/monitors-monitor-accessories", waiting until "domcontentloaded"

❌
[4/60] 210-bvpg        ❌ Error: Page.goto: Timeout 30000ms exceeded.
Call log:
  - navigating to "https://www.dell.com/en-my/shop/dell-pro-p-24-usb-c-hub-webcam-monitor-p2426hev/apd/210-bvpg/monitors-monitor-accessories", waiting until "domcontentloaded"

❌
[5/60] 210-bvnl        ❌ Error: Page.goto: Timeout 30000ms exceeded.
Call log:
  - navigating to "https://www.dell.com/en-my/shop/dell-pro-p-24-usb-c-hub-conferencing-monitor-p2426heb/apd/210-bvnl/monitors-monitor-accessories", waiting until "domcontentloaded"

❌
[6/60] 210-bvpd        ❌ Error: Page.goto: Timeout 30000ms exceeded.
Call log:
  - navigating to "https://www.dell.com/en-my/shop/dell-pro-p-27-usb-c-hub-webcam-monitor-p2726dev/apd/210-bvpd/monitors-monitor-accessories", waiting until "domcontentloaded"

❌
[7/60] 210-bvnv        ❌ Error: Page.goto: Timeout 30000ms exceeded.
Call log:
  - navigating to "https://www.dell.com/en-my/shop/dell-pro-p-27-usb-c-hub-conferencing-monitor-p2726deb/apd/210-bvnv/monitors-monitor-accessories", waiting until "domcontentloaded"

❌
[8/60] 210-bvns        ❌ Error: Page.goto: Timeout 30000ms exceeded.
Call log:
  - navigating to "https://www.dell.com/en-my/shop/dell-pro-p-34-usb-c-hub-webcam-monitor-p3426wev/apd/210-bvns/monitors-monitor-accessories", waiting until "domcontentloaded"

❌
[9/60] 210-bvnx        ❌ Error: Page.goto: Timeout 30000ms exceeded.
Call log:
  - navigating to "https://www.dell.com/en-my/shop/dell-pro-p-34-usb-c-hub-conferencing-monitor-p3426web/apd/210-bvnx/monitors-monitor-accessories", waiting until "domcontentloaded"

❌
[10/60] 210-bvhp        ❌ Error: Page.goto: Timeout 30000ms exceeded.
Call log:
  - navigating to "https://www.dell.com/en-my/shop/dell-ultrasharp-32-4k-qd-oled-monitor-u3226q/apd/210-bvhp/monitors-monitor-accessories", waiting until "domcontentloaded"

❌
[11/60] 210-bmml        ❌ Error: Page.goto: Timeout 30000ms exceeded.
Call log:
  - navigating to "https://www.dell.com/en-my/shop/dell-pro-24-plus-monitor-p2425h/apd/210-bmml/monitors-monitor-accessories", waiting until "domcontentloaded"

❌
[12/60] 210-bqtg        ❌ Error: Page.goto: Timeout 30000ms exceeded.
Call log:
  - navigating to "https://www.dell.com/en-my/shop/dell-27-plus-4k-usb-c-monitor-s2725qc/apd/210-bqtg/monitors-monitor-accessories", waiting until "domcontentloaded"

❌
[13/60] 210-blnx        ❌ Error: Page.goto: Timeout 30000ms exceeded.
Call log:
  - navigating to "https://www.dell.com/en-my/shop/alienware-32-4k-qd-oled-gaming-monitor-aw3225qf/apd/210-blnx/monitors-monitor-accessories", waiting until "domcontentloaded"

❌
[14/60] 210-bqml        ❌ Error: Page.goto: Timeout 30000ms exceeded.
Call log:
  - navigating to "https://www.dell.com/en-my/shop/dell-ultrasharp-27-4k-thunderbolt-hub-monitor-u2725qe/apd/210-bqml/monitors-monitor-accessories", waiting until "domcontentloaded"

❌
[15/60] 210-bscn        ❌ Error: Page.goto: Timeout 30000ms exceeded.
Call log:
  - navigating to "https://www.dell.com/en-my/shop/alienware-27-280hz-qd-oled-gaming-monitor-aw2725d/apd/210-bscn/monitors-monitor-accessories", waiting until "domcontentloaded"

❌
[16/60] 210-bqwd        ❌ Error: Page.goto: Navigation to "https://www.dell.com/en-my/shop/dell-32-plus-4k-monitor-s3225qs/apd/210-bqwd/monitors-monitor-accessories" is interrupted by another navigation to "https://www.dell.com/en-my/shop/alienware-32-4k-qd-oled-gaming-monitor-aw3225qf/apd/210-blnx/monitors-monitor-accessories"
Call log:
  - navigating to "https://www.dell.com/en-my/shop/dell-32-plus-4k-monitor-s3225qs/apd/210-bqwd/monitors-monitor-accessories", waiting until "domcontentloaded"

❌
[17/60] 210-bqkn ✅      22" |      Special Edition |               FHD (1080p)
[18/60] 210-bqvt ✅      N/A |                      |        3840 x 2160 4K UHD
[19/60] 210-blqh ✅      27" |            Alienware |            QHD (1440p/2K)
[20/60] 210-bqtm ✅      N/A |                      |         3440 x 1440 UWQHD
[21/60] 210-bqvx ✅      N/A |                      |        3840 x 2160 4K UHD
[22/60] 210-bqzc ✅    20.0" |                      |                       N/A
[23/60] 210-bqxf ✅      N/A |                      |           2560 x 1440 QHD
[24/60] 210-brpp ✅      34" |            Alienware |            QHD (1440p/2K)
[25/60] 210-bqyp ✅      N/A |                      |        3840 x 2160 4K UHD
[26/60] 210-bqzl ✅    24.0" |                      |                       N/A
[27/60] 210-bqxq ✅      N/A |                      |           2560 x 1440 QHD
[28/60] 210-bsgp ✅      27" |      Special Edition |               FHD (1080p)
[29/60] 210-bkms ✅    27.0" |                      |           2560 x 1440 QHD
[30/60] 210-bqmf ✅    31.5" |                      |        3840 x 2160 4K UHD
[31/60] 210-bqfm ✅      27" |            Alienware |            QHD (1440p/2K)
[32/60] 210-bscl ✅      25" |            Alienware |               FHD (1080p)
[33/60] 210-brcl ✅    22.0" |                      |                       N/A
[34/60] 210-bsrw ✅      N/A |                      |                       N/A
[35/60] 210-bqxz ✅      N/A |                      |           2560 x 1440 QHD
[36/60] 210-bqyn ✅      N/A |                      |                       N/A
[37/60] 210-bqxt ✅      N/A |                      |        3840 x 2160 4K UHD
[38/60] 210-brcp ✅    20.0" |                      |                       N/A
[39/60] 210-brbv ✅    27.0" |                      |                       N/A
[40/60] 210-bqqg ✅      27" |            Alienware |            QHD (1440p/2K)
[41/60] 210-bkmb ✅    24.0" |                      |           2560 x 1440 QHD
[42/60] 210-bmdh ✅    24.0" |                      |                       N/A
[43/60] 210-bqzq ✅      N/A |                      |           2560 x 1440 QHD
[44/60] 210-bsrg ✅      N/A |                      |           2560 x 1440 QHD
[45/60] 210-bhzg ✅    24.0" |                      |          3840 x 1600 WUHD
[46/60] 210-bsqc ✅      N/A |                      |                       N/A
[47/60] 210-btzb ✅      24" |      Special Edition |               FHD (1080p)
[48/60] 210-btdg ✅    20.0" |                      |                       N/A
[49/60] 210-bkkc ✅      N/A |                      |         3440 x 1440 UWQHD
[50/60] 210-btdq ✅    20.0" |                      |           2560 x 1440 QHD
[51/60] 210-bsql ✅      N/A |                      |           2560 x 1440 QHD
[52/60] 210-bvpw ✅    22.0" |                      |                       N/A
[53/60] 210-btnl ✅      24" |      Special Edition |               FHD (1080p)
[54/60] 210-btnh ✅      24" |      Special Edition |               FHD (1080p)
[55/60] 210-btns ✅      27" |      Special Edition |               FHD (1080p)
[56/60] 210-bvkt ✅    22.0" |                      |                       N/A
[57/60] 210-bvpx ✅    24.0" |                      |                       N/A
[58/60] 210-bvzt ✅    20.0" |                      |                       N/A
[59/60] 210-bvql ✅      N/A |                      |                       N/A
[60/60] 210-bvls ✅    27.0" |                      |                       N/A

================================================================================
📋 STEP 3: Saving results
--------------------------------------------------------------------------------
✅ CSV: dell_monitors_full_specs.csv
✅ Excel: dell_monitors_full_specs.xlsx

📊 Data Completeness:
   Model                 11/44  25% █████░░░░░░░░░░░░░░░░
   Brand                 44/44 100% ████████████████████░
   Product Class         44/44 100% ████████████████████░
   Brief Naming          44/44 100% ████████████████████░
   Size                  28/44  63% ████████████░░░░░░░░░
   Resolution            28/44  63% ████████████░░░░░░░░░
   Response Time         39/44  88% █████████████████░░░░
   Refresh Rate          41/44  93% ██████████████████░░░
   Compatible Ports      44/44 100% ████████████████████░
   Warranty              44/44 100% ████████████████████░

🔍 Dell Model Number Examples:
   SE2225HM        →    22"      Special Edition 2025
   AW2725DF        →    27"            Alienware 2025
   AW3425DW        →    34"            Alienware 2025
   SE2725HG        →    27"      Special Edition 2025
   AW2725Q         →    27"            Alienware 2025
   AW2525HM        →    25"            Alienware 2025
   AW2725DM        →    27"            Alienware 2025
   SE2426HG        →    24"      Special Edition 2026
   SE2426H         →    24"      Special Edition 2026
   SE2426HG        →    24"      Special Edition 2026

✅ Complete!
